  Proyecto_B1.cpp
C:\src\University\MS\Proyecto_B1\shader.h(55,40): warning C4101: 'e': variable local sin referencia
C:\src\University\MS\Proyecto_B1\Header.h(315,25): warning C4244: '=': conversión de 'double' a 'int'; posible pérdida de datos
C:\src\University\MS\Proyecto_B1\Header.h(793,1): warning C4305: '=': truncamiento de 'double' a 'float'
C:\src\University\MS\Proyecto_B1\Header.h(794,1): warning C4305: '=': truncamiento de 'double' a 'float'
C:\src\University\MS\Proyecto_B1\Header.h(784,13): warning C4101: 'P': variable local sin referencia
C:\src\University\MS\Proyecto_B1\Header.h(784,16): warning C4101: 'T': variable local sin referencia
C:\src\University\MS\Proyecto_B1\Header.h(954,13): warning C4101: 'n': variable local sin referencia
C:\src\University\MS\Proyecto_B1\Header.h(1098,53): warning C4244: '=': conversión de 'double' a 'float'; posible pérdida de datos
C:\src\University\MS\Proyecto_B1\Proyecto_B1.cpp(126,52): warning C4244: '=': conversión de 'double' a 'float'; posible pérdida de datos
C:\src\University\MS\Proyecto_B1\Proyecto_B1.cpp(128,52): warning C4244: '=': conversión de 'double' a 'float'; posible pérdida de datos
C:\src\University\MS\Proyecto_B1\Proyecto_B1.cpp(130,52): warning C4244: '=': conversión de 'double' a 'float'; posible pérdida de datos
C:\src\University\MS\Proyecto_B1\Proyecto_B1.cpp(134,52): warning C4244: '=': conversión de 'double' a 'float'; posible pérdida de datos
C:\src\University\MS\Proyecto_B1\Proyecto_B1.cpp(136,52): warning C4244: '=': conversión de 'double' a 'float'; posible pérdida de datos
C:\src\University\MS\Proyecto_B1\Proyecto_B1.cpp(138,52): warning C4244: '=': conversión de 'double' a 'float'; posible pérdida de datos
C:\src\University\MS\Proyecto_B1\Proyecto_B1.cpp(142,52): warning C4244: '=': conversión de 'double' a 'float'; posible pérdida de datos
C:\src\University\MS\Proyecto_B1\Proyecto_B1.cpp(144,52): warning C4244: '=': conversión de 'double' a 'float'; posible pérdida de datos
C:\src\University\MS\Proyecto_B1\Proyecto_B1.cpp(146,52): warning C4244: '=': conversión de 'double' a 'float'; posible pérdida de datos
C:\src\University\MS\Proyecto_B1\Proyecto_B1.cpp(158,53): warning C4244: '=': conversión de 'double' a 'float'; posible pérdida de datos
C:\src\University\MS\Proyecto_B1\Proyecto_B1.cpp(162,53): warning C4244: '=': conversión de 'double' a 'float'; posible pérdida de datos
C:\src\University\MS\Proyecto_B1\Proyecto_B1.cpp(166,53): warning C4244: '=': conversión de 'double' a 'float'; posible pérdida de datos
C:\src\University\MS\Proyecto_B1\Proyecto_B1.cpp(170,53): warning C4244: '=': conversión de 'double' a 'float'; posible pérdida de datos
C:\src\University\MS\Proyecto_B1\Proyecto_B1.cpp(173,53): warning C4244: '=': conversión de 'double' a 'float'; posible pérdida de datos
C:\src\University\MS\Proyecto_B1\Proyecto_B1.cpp(177,53): warning C4244: '=': conversión de 'double' a 'float'; posible pérdida de datos
C:\src\University\MS\Proyecto_B1\Proyecto_B1.cpp(181,53): warning C4244: '=': conversión de 'double' a 'float'; posible pérdida de datos
C:\src\University\MS\Proyecto_B1\Proyecto_B1.cpp(185,53): warning C4244: '=': conversión de 'double' a 'float'; posible pérdida de datos
C:\src\University\MS\Proyecto_B1\Proyecto_B1.cpp(188,53): warning C4244: '=': conversión de 'double' a 'float'; posible pérdida de datos
C:\src\University\MS\Proyecto_B1\Proyecto_B1.cpp(280,28): warning C4244: 'inicializando': conversión de 'double' a 'float'; posible pérdida de datos
C:\src\University\MS\Proyecto_B1\Proyecto_B1.cpp(422,17): warning C4244: '=': conversión de 'double' a 'float'; posible pérdida de datos
C:\src\University\MS\Proyecto_B1\Proyecto_B1.cpp(423,17): warning C4244: '=': conversión de 'double' a 'float'; posible pérdida de datos
C:\src\University\MS\Proyecto_B1\Proyecto_B1.cpp(427,19): warning C4244: 'inicializando': conversión de 'double' a 'float'; posible pérdida de datos
C:\src\University\MS\Proyecto_B1\Proyecto_B1.cpp(428,19): warning C4244: 'inicializando': conversión de 'double' a 'float'; posible pérdida de datos
C:\src\University\MS\Proyecto_B1\Proyecto_B1.cpp(429,13): warning C4244: '=': conversión de 'double' a 'float'; posible pérdida de datos
C:\src\University\MS\Proyecto_B1\Proyecto_B1.cpp(430,13): warning C4244: '=': conversión de 'double' a 'float'; posible pérdida de datos
C:\src\University\MS\Proyecto_B1\Proyecto_B1.cpp(439,31): warning C4244: 'argumento': conversión de 'double' a 'float'; posible pérdida de datos
  Proyecto_B1.vcxproj -> C:\src\University\MS\Proyecto_B1\x64\Debug\Proyecto_B1.exe
